TN:
SF:/mnt/c/Users/Pratiibh/codefellows/codefellows/401n13/labs/lab-01/lib/arithmetic.js
FN:5,(anonymous_0)
FN:7,(anonymous_1)
FN:13,(anonymous_2)
FN:19,(anonymous_3)
FN:22,(anonymous_4)
FN:28,(anonymous_5)
FN:31,(anonymous_6)
FN:37,(anonymous_7)
FN:40,(anonymous_8)
FN:46,(anonymous_9)
FNF:10
FNH:10
FNDA:4,(anonymous_0)
FNDA:12,(anonymous_1)
FNDA:1,(anonymous_2)
FNDA:2,(anonymous_3)
FNDA:1,(anonymous_4)
FNDA:2,(anonymous_5)
FNDA:1,(anonymous_6)
FNDA:2,(anonymous_7)
FNDA:1,(anonymous_8)
FNDA:2,(anonymous_9)
DA:3,1
DA:5,1
DA:6,4
DA:7,12
DA:9,0
DA:13,1
DA:15,1
DA:16,0
DA:19,2
DA:22,1
DA:24,1
DA:25,0
DA:28,2
DA:31,1
DA:33,1
DA:34,0
DA:37,2
DA:40,1
DA:42,1
DA:43,0
DA:46,2
LF:21
LH:16
BRDA:6,0,0,4
BRDA:6,0,1,0
BRDA:15,1,0,0
BRDA:15,1,1,1
BRDA:24,2,0,0
BRDA:24,2,1,1
BRDA:33,3,0,0
BRDA:33,3,1,1
BRDA:42,4,0,0
BRDA:42,4,1,1
BRF:10
BRH:5
end_of_record
TN:
SF:/mnt/c/Users/Pratiibh/codefellows/codefellows/401n13/labs/lab-01/lib/greet.js
FN:5,(anonymous_0)
FNF:1
FNH:1
FNDA:2,(anonymous_0)
DA:3,1
DA:5,1
DA:6,2
DA:7,1
DA:9,1
LF:5
LH:5
BRDA:6,0,0,1
BRDA:6,0,1,1
BRF:2
BRH:2
end_of_record
